<?xml version="1.0" encoding="UTF-8"?>
<!-- Generated by org.testng.reporters.JUnitXMLReporter -->
<testsuite ignored="30" hostname="DESKTOP-84TE32L" failures="3" tests="5" name="Smoke Test" time="28.249" errors="0" timestamp="2020-01-16T21:38:00 CST">
  <testcase classname="com.class3.GroupsSoftAssertionDemo" name="logoAndLogin" time="2.17">
    <failure type="java.lang.AssertionError" message="The following asserts failed:
	Logo is NOT displayed did not expect to find [true] but found [false]">
      <![CDATA[java.lang.AssertionError: The following asserts failed:
Logo is NOT displayed did not expect to find [true] but found [false]
at com.class3.GroupsSoftAssertionDemo.logoAndLogin(GroupsSoftAssertionDemo.java:35)
at java.base/java.util.ArrayList.forEach(ArrayList.java:1540)
... Removed 29 stack frames]]>
    </failure>
  </testcase> <!-- logoAndLogin -->
  <testcase classname="com.class3.GroupsAssertionDemo" name="titleValidation" time="0.017">
    <failure type="java.lang.AssertionError" message="Titles are NOT matched expected [Human Management Systems] but found [Human Management System]">
      <![CDATA[java.lang.AssertionError: Titles are NOT matched expected [Human Management Systems] but found [Human Management System]
at com.class3.GroupsAssertionDemo.titleValidation(GroupsAssertionDemo.java:23)
at java.base/java.util.ArrayList.forEach(ArrayList.java:1540)
... Removed 31 stack frames]]>
    </failure>
  </testcase> <!-- titleValidation -->
  <testcase classname="com.class3.Groups" name="validLogin" time="1.998"/>
  <testcase classname="com.class1.TitleAndLoginVerification" name="validLogin" time="0.009">
    <failure type="org.openqa.selenium.NoSuchSessionException" message="Session ID is null. Using WebDriver after calling quit()?
Build info: version: &amp;apos;3.141.59&amp;apos;, revision: &amp;apos;e82be7d358&amp;apos;, time: &amp;apos;2018-11-14T08:25:48&amp;apos;
System info: host: &amp;apos;DESKTOP-84TE32L&amp;apos;, ip: &amp;apos;192.168.0.11&amp;apos;, os.name: &amp;apos;Windows 10&amp;apos;, os.arch: &amp;apos;amd64&amp;apos;, os.version: &amp;apos;10.0&amp;apos;, java.version: &amp;apos;12.0.2&amp;apos;
Driver info: driver.version: RemoteWebDriver">
      <![CDATA[org.openqa.selenium.NoSuchSessionException: Session ID is null. Using WebDriver after calling quit()?
Build info: version: '3.141.59', revision: 'e82be7d358', time: '2018-11-14T08:25:48'
System info: host: 'DESKTOP-84TE32L', ip: '192.168.0.11', os.name: 'Windows 10', os.arch: 'amd64', os.version: '10.0', java.version: '12.0.2'
Driver info: driver.version: RemoteWebDriver
at org.openqa.selenium.remote.HttpCommandExecutor.execute(HttpCommandExecutor.java:125)
at org.openqa.selenium.remote.service.DriverCommandExecutor.execute(DriverCommandExecutor.java:83)
at org.openqa.selenium.remote.RemoteWebDriver.execute(RemoteWebDriver.java:552)
at org.openqa.selenium.remote.RemoteWebDriver.findElement(RemoteWebDriver.java:323)
at org.openqa.selenium.remote.RemoteWebDriver.findElementById(RemoteWebDriver.java:372)
at org.openqa.selenium.By$ById.findElement(By.java:188)
at org.openqa.selenium.remote.RemoteWebDriver.findElement(RemoteWebDriver.java:315)
at com.class1.TitleAndLoginVerification.validLogin(TitleAndLoginVerification.java:48)
at java.base/java.util.ArrayList.forEach(ArrayList.java:1540)
... Removed 27 stack frames]]>
    </failure>
  </testcase> <!-- validLogin -->
  <testcase classname="com.class3.GroupsTitleLogoVerification" name="validLogin" time="2.182"/>
  <testcase classname="com.class1.TaskAnnotation" name="delete" time="0.0">
    <ignored/>
  </testcase> <!-- delete -->
  <testcase classname="com.class1.HwPasswordValidation$HW" name="validationOfMessage" time="0.0">
    <ignored/>
  </testcase> <!-- validationOfMessage -->
  <testcase classname="com.class2.AssertionsDemo" name="titleValidation" time="0.0">
    <ignored/>
  </testcase> <!-- titleValidation -->
  <testcase classname="com.class1.TestNGDemo" name="testTwo" time="0.0">
    <ignored/>
  </testcase> <!-- testTwo -->
  <testcase classname="com.class3.GroupsTitleLogoVerification" name="logoValidation" time="0.0">
    <ignored/>
  </testcase> <!-- logoValidation -->
  <testcase classname="com.class1.TestNGDemo" name="testThree" time="0.0">
    <ignored/>
  </testcase> <!-- testThree -->
  <testcase classname="com.class3.GroupsAssertionDemo" name="logoValidation" time="0.0">
    <ignored/>
  </testcase> <!-- logoValidation -->
  <testcase classname="com.class1.TitleAndLoginVerification" name="titleValidation" time="0.0">
    <ignored/>
  </testcase> <!-- titleValidation -->
  <testcase classname="com.class2.SoftAssertion" name="LogoAndLogin" time="0.0">
    <ignored/>
  </testcase> <!-- LogoAndLogin -->
  <testcase classname="com.class3.Groups" name="titleValidation" time="0.0">
    <ignored/>
  </testcase> <!-- titleValidation -->
  <testcase classname="com.class1.DifferentAnnotation" name="test" time="0.0">
    <ignored/>
  </testcase> <!-- test -->
  <testcase classname="com.class3.AlwaysRun" name="testMethod1" time="0.0">
    <ignored/>
  </testcase> <!-- testMethod1 -->
  <testcase classname="com.class3.DataProviderDemo" name="login" time="0.0">
    <ignored/>
  </testcase> <!-- login -->
  <testcase classname="com.class3.GroupsHW" name="validationOfMessage" time="0.0">
    <ignored/>
  </testcase> <!-- validationOfMessage -->
  <testcase classname="com.class3.HWDataProviderAddEmployee" name="addEmployee" time="0.0">
    <ignored/>
  </testcase> <!-- addEmployee -->
  <testcase classname="com.class3.AlwaysRun" name="testMethod" time="0.0">
    <ignored/>
  </testcase> <!-- testMethod -->
  <testcase classname="com.class2.AssertionsDemo" name="logoValidation" time="0.0">
    <ignored/>
  </testcase> <!-- logoValidation -->
  <testcase classname="com.class3.GroupsHW" name="validationOfLogo" time="0.0">
    <ignored/>
  </testcase> <!-- validationOfLogo -->
  <testcase classname="com.class1.TaskAnnotation" name="change" time="0.0">
    <ignored/>
  </testcase> <!-- change -->
  <testcase classname="com.class3.GroupsTitleLogoVerification" name="titleValidation" time="0.0">
    <ignored/>
  </testcase> <!-- titleValidation -->
  <testcase classname="com.class1.TaskTestNG" name="close" time="0.0">
    <ignored/>
  </testcase> <!-- close -->
  <testcase classname="com.class1.TestNGDemo" name="testOne" time="0.0">
    <ignored/>
  </testcase> <!-- testOne -->
  <testcase classname="com.class1.TitleAndLoginVerification" name="logoValidation" time="0.0">
    <ignored/>
  </testcase> <!-- logoValidation -->
  <testcase classname="com.class2.TaskHrmsAddEmployeeAssertion" name="verifyLabel" time="0.0">
    <ignored/>
  </testcase> <!-- verifyLabel -->
  <testcase classname="com.class1.TaskTestNG" name="loggingIn" time="0.0">
    <ignored/>
  </testcase> <!-- loggingIn -->
  <testcase classname="com.class1.TaskTestNG" name="getPage" time="0.0">
    <ignored/>
  </testcase> <!-- getPage -->
  <testcase classname="com.class3.Groups" name="logoValidation" time="0.0">
    <ignored/>
  </testcase> <!-- logoValidation -->
  <testcase classname="com.class2.TaskAssertion$HW" name="validationOfMessage" time="0.0">
    <ignored/>
  </testcase> <!-- validationOfMessage -->
  <testcase classname="com.class2.TaskAssertion$HW" name="validationOfLogo" time="0.0">
    <ignored/>
  </testcase> <!-- validationOfLogo -->
  <testcase classname="com.class1.HwPasswordValidation$HW" name="validationOfLogo" time="0.0">
    <ignored/>
  </testcase> <!-- validationOfLogo -->
</testsuite> <!-- Smoke Test -->
